2025-07-08 00:18:47,459 - INFO - Loading data from: data/training/train.csv
2025-07-08 00:18:47,752 - INFO - Data shape: (2031, 41)
2025-07-08 00:18:48,010 - INFO - Training set size: 1624
2025-07-08 00:18:48,011 - INFO - Test set size: 407
2025-07-08 00:18:48,013 - INFO - 
Training logistic_regression...
2025-07-08 00:18:48,015 - INFO - Training logisticregression model...
2025-07-08 00:18:50,981 - INFO - Saved logisticregression artifacts to: models/classifiers
2025-07-08 00:18:50,981 - INFO - 
LOGISTICREGRESSION Results:
2025-07-08 00:18:50,982 - INFO - CV F1 Weighted: 0.502
2025-07-08 00:18:50,984 - INFO - Test Accuracy: 0.528
2025-07-08 00:18:50,985 - INFO - Test F1 Weighted: 0.504
2025-07-08 00:18:50,986 - INFO - Test ROC-AUC: 0.51
2025-07-08 00:18:50,993 - INFO - 
Training random_forest...
2025-07-08 00:18:50,994 - INFO - Training randomforestclassifier model...
2025-07-08 00:19:02,466 - INFO - Saved randomforestclassifier artifacts to: models/classifiers
2025-07-08 00:19:02,466 - INFO - 
RANDOMFORESTCLASSIFIER Results:
2025-07-08 00:19:02,469 - INFO - CV F1 Weighted: 0.463
2025-07-08 00:19:02,470 - INFO - Test Accuracy: 0.489
2025-07-08 00:19:02,471 - INFO - Test F1 Weighted: 0.488
2025-07-08 00:19:02,472 - INFO - Test ROC-AUC: 0.478
2025-07-08 00:19:02,495 - INFO - 
Training xgboost...
2025-07-08 00:19:02,496 - INFO - Training xgbclassifier model...
2025-07-08 00:19:16,673 - INFO - Saved xgbclassifier artifacts to: models/classifiers
2025-07-08 00:19:16,674 - INFO - 
XGBCLASSIFIER Results:
2025-07-08 00:19:16,676 - INFO - CV F1 Weighted: 0.491
2025-07-08 00:19:16,677 - INFO - Test Accuracy: 0.548
2025-07-08 00:19:16,678 - INFO - Test F1 Weighted: 0.545
2025-07-08 00:19:16,679 - INFO - Test ROC-AUC: 0.562
2025-07-08 00:19:16,712 - INFO - 
Training lightgbm...
2025-07-08 00:19:16,715 - INFO - Training lgbmclassifier model...
2025-07-08 00:19:25,215 - INFO - Saved lgbmclassifier artifacts to: models/classifiers
2025-07-08 00:19:25,217 - INFO - 
LGBMCLASSIFIER Results:
2025-07-08 00:19:25,219 - INFO - CV F1 Weighted: 0.501
2025-07-08 00:19:25,220 - INFO - Test Accuracy: 0.521
2025-07-08 00:19:25,223 - INFO - Test F1 Weighted: 0.521
2025-07-08 00:19:25,225 - INFO - Test ROC-AUC: 0.535
2025-07-08 00:19:25,260 - INFO - ML pipeline completed successfully!
