2025-07-15 01:23:44,552 - INFO - Loading data from: data/raw/dq_recsys_challenge_2025(in).csv
2025-07-15 01:23:51,644 - INFO - Total records: 400,000
2025-07-15 01:23:51,644 - INFO - ==================================================
2025-07-15 01:23:51,756 - INFO - Missing values per column:
2025-07-15 01:23:51,756 - INFO -   item_descrip: 173638
2025-07-15 01:23:51,757 - INFO - ==================================================
2025-07-15 01:23:52,185 - INFO - Duplicated records: 30,317
2025-07-15 01:23:52,186 - INFO - ==================================================
2025-07-15 01:23:52,186 - INFO - Data types:
2025-07-15 01:23:52,187 - INFO -   idcol: int64
2025-07-15 01:23:52,188 - INFO -   interaction: object
2025-07-15 01:23:52,188 - INFO -   int_date: object
2025-07-15 01:23:52,189 - INFO -   item: object
2025-07-15 01:23:52,189 - INFO -   page: object
2025-07-15 01:23:52,190 - INFO -   tod: object
2025-07-15 01:23:52,190 - INFO -   item_type: object
2025-07-15 01:23:52,190 - INFO -   item_descrip: object
2025-07-15 01:23:52,191 - INFO -   segment: object
2025-07-15 01:23:52,191 - INFO -   beh_segment: object
2025-07-15 01:23:52,191 - INFO -   active_ind: object
2025-07-15 01:23:52,192 - INFO - ==================================================
2025-07-15 01:24:11,940 - INFO - Data cleaned. Final shape: (369683, 10)
2025-07-15 01:24:11,959 - INFO - Sample of cleaned data:
2025-07-15 01:24:12,180 - INFO - 
  interaction   int_date        item     page        tod item_type   segment beh_segment   active_ind user_id
0     display 2023-01-17  no_item_id  screen1  afternoon       all  segment3         b01  semi active     755
1     display 2023-02-27  no_item_id  screen1  afternoon       all  segment1         b07  semi active    4521
2     display 2023-02-18  no_item_id  screen1  afternoon       all  segment1         b07  semi active    4521
3     display 2023-01-30  no_item_id  screen1    morning       all  segment1         b07  semi active    4521
4       click 2023-02-05        ibab  screen1  afternoon    insure  segment1         b07  semi active    4521
2025-07-15 01:24:12,391 - INFO - Processed data saved to /mnt/d/research-workspace/workx-projects/unified-devopsx/fnb-dataquest-recosys/data/processed/processed_fnb.csv
2025-07-15 01:24:12,391 - INFO - Data size: 5000
2025-07-15 01:24:12,392 - INFO - Pipeline completed successfully
